<?xml version="1.0" encoding="UTF-8"?>
<!-- Generated by org.testng.reporters.JUnitReportReporter -->
<testsuite hostname="BensPC" name="mapstuff.GridMapTest" tests="3" failures="0" timestamp="27 Mar 2015 13:24:50 GMT" time="0.052" errors="0">
  <testcase name="rectangularMapTest" time="0.020" classname="mapstuff.GridMapTest"/>
  <testcase name="rangeToObstacleTest" time="0.024" classname="mapstuff.GridMapTest"/>
  <testcase name="testMapTest" time="0.008" classname="mapstuff.GridMapTest"/>
</testsuite> <!-- mapstuff.GridMapTest -->
